  [1m[36mLocation Load (6.0ms)[0m  [1m[34mSELECT  "locations".* FROM "locations" LIMIT $1[0m  [["LIMIT", 11]]
Started GET "/posts" for ::1 at 2019-07-22 23:12:21 -0700
  [1m[35m (1.2ms)[0m  [1m[34mSELECT "schema_migrations"."version" FROM "schema_migrations" ORDER BY "schema_migrations"."version" ASC[0m
  ↳ C:/Ruby25-x64/lib/ruby/gems/2.5.0/gems/activerecord-5.2.3/lib/active_record/log_subscriber.rb:98
Processing by PostsController#index as HTML
  Rendering posts/index.html.erb within layouts/application
  [1m[36mPost Load (22.0ms)[0m  [1m[34mSELECT "posts".* FROM "posts"[0m
  ↳ app/views/posts/index.html.erb:21
  [1m[36mService Load (7.6ms)[0m  [1m[34mSELECT  "services".* FROM "services" WHERE "services"."id" = $1 LIMIT $2[0m  [["id", 1], ["LIMIT", 1]]
  ↳ app/views/posts/index.html.erb:23
  [1m[36mCategory Load (6.9ms)[0m  [1m[34mSELECT  "categories".* FROM "categories" WHERE "categories"."id" = $1 LIMIT $2[0m  [["id", 2], ["LIMIT", 1]]
  ↳ app/views/posts/index.html.erb:25
  [1m[36mLocation Load (1.5ms)[0m  [1m[34mSELECT  "locations".* FROM "locations" WHERE "locations"."id" = $1 LIMIT $2[0m  [["id", 2], ["LIMIT", 1]]
  ↳ app/views/posts/index.html.erb:26
  [1m[36mUser Load (0.9ms)[0m  [1m[34mSELECT  "users".* FROM "users" WHERE "users"."remember_token" = $1 ORDER BY "users"."id" ASC LIMIT $2[0m  [["remember_token", "3c8b20510f5b7498764467412cb2e0877260fe4b"], ["LIMIT", 1]]
  ↳ app/views/posts/index.html.erb:29
  Rendered posts/index.html.erb within layouts/application (224.1ms)
  Rendered layouts/_shim.html.erb (0.4ms)
  Rendered layouts/_header.html.erb (1.1ms)
  Rendered layouts/_footer.html.erb (0.5ms)
Completed 200 OK in 1859ms (Views: 1743.8ms | ActiveRecord: 60.0ms)


Started GET "/posts/1" for ::1 at 2019-07-22 23:12:30 -0700
Processing by PostsController#show as HTML
  Parameters: {"id"=>"1"}
  [1m[36mPost Load (0.9ms)[0m  [1m[34mSELECT  "posts".* FROM "posts" WHERE "posts"."id" = $1 LIMIT $2[0m  [["id", 1], ["LIMIT", 1]]
  ↳ app/controllers/posts_controller.rb:71
  Rendering posts/show.html.erb within layouts/application
  [1m[36mService Load (1.0ms)[0m  [1m[34mSELECT  "services".* FROM "services" WHERE "services"."id" = $1 LIMIT $2[0m  [["id", 1], ["LIMIT", 1]]
  ↳ app/views/posts/show.html.erb:9
  [1m[36mCategory Load (0.5ms)[0m  [1m[34mSELECT  "categories".* FROM "categories" WHERE "categories"."id" = $1 LIMIT $2[0m  [["id", 2], ["LIMIT", 1]]
  ↳ app/views/posts/show.html.erb:19
  [1m[36mLocation Load (0.6ms)[0m  [1m[34mSELECT  "locations".* FROM "locations" WHERE "locations"."id" = $1 LIMIT $2[0m  [["id", 2], ["LIMIT", 1]]
  ↳ app/views/posts/show.html.erb:24
  [1m[36mUser Load (1.0ms)[0m  [1m[34mSELECT  "users".* FROM "users" WHERE "users"."remember_token" = $1 ORDER BY "users"."id" ASC LIMIT $2[0m  [["remember_token", "3c8b20510f5b7498764467412cb2e0877260fe4b"], ["LIMIT", 1]]
  ↳ app/views/posts/show.html.erb:33
  Rendered posts/show.html.erb within layouts/application (27.4ms)
  Rendered layouts/_shim.html.erb (0.5ms)
  Rendered layouts/_header.html.erb (1.2ms)
  Rendered layouts/_footer.html.erb (0.5ms)
Completed 200 OK in 818ms (Views: 772.2ms | ActiveRecord: 3.9ms)


Started GET "/posts" for ::1 at 2019-07-22 23:12:33 -0700
Processing by PostsController#index as HTML
  Rendering posts/index.html.erb within layouts/application
  [1m[36mPost Load (1.1ms)[0m  [1m[34mSELECT "posts".* FROM "posts"[0m
  ↳ app/views/posts/index.html.erb:21
  [1m[36mService Load (0.5ms)[0m  [1m[34mSELECT  "services".* FROM "services" WHERE "services"."id" = $1 LIMIT $2[0m  [["id", 1], ["LIMIT", 1]]
  ↳ app/views/posts/index.html.erb:23
  [1m[36mCategory Load (0.9ms)[0m  [1m[34mSELECT  "categories".* FROM "categories" WHERE "categories"."id" = $1 LIMIT $2[0m  [["id", 2], ["LIMIT", 1]]
  ↳ app/views/posts/index.html.erb:25
  [1m[36mLocation Load (0.7ms)[0m  [1m[34mSELECT  "locations".* FROM "locations" WHERE "locations"."id" = $1 LIMIT $2[0m  [["id", 2], ["LIMIT", 1]]
  ↳ app/views/posts/index.html.erb:26
  [1m[36mUser Load (1.0ms)[0m  [1m[34mSELECT  "users".* FROM "users" WHERE "users"."remember_token" = $1 ORDER BY "users"."id" ASC LIMIT $2[0m  [["remember_token", "3c8b20510f5b7498764467412cb2e0877260fe4b"], ["LIMIT", 1]]
  ↳ app/views/posts/index.html.erb:29
  Rendered posts/index.html.erb within layouts/application (30.1ms)
  Rendered layouts/_shim.html.erb (0.4ms)
  Rendered layouts/_header.html.erb (2.6ms)
  Rendered layouts/_footer.html.erb (0.5ms)
Completed 200 OK in 778ms (Views: 724.9ms | ActiveRecord: 4.2ms)


Started GET "/posts" for ::1 at 2019-07-22 23:12:36 -0700
Processing by PostsController#index as HTML
  Rendering posts/index.html.erb within layouts/application
  [1m[36mPost Load (0.5ms)[0m  [1m[34mSELECT "posts".* FROM "posts"[0m
  ↳ app/views/posts/index.html.erb:21
  [1m[36mService Load (0.4ms)[0m  [1m[34mSELECT  "services".* FROM "services" WHERE "services"."id" = $1 LIMIT $2[0m  [["id", 1], ["LIMIT", 1]]
  ↳ app/views/posts/index.html.erb:23
  [1m[36mCategory Load (0.7ms)[0m  [1m[34mSELECT  "categories".* FROM "categories" WHERE "categories"."id" = $1 LIMIT $2[0m  [["id", 2], ["LIMIT", 1]]
  ↳ app/views/posts/index.html.erb:25
  [1m[36mLocation Load (0.7ms)[0m  [1m[34mSELECT  "locations".* FROM "locations" WHERE "locations"."id" = $1 LIMIT $2[0m  [["id", 2], ["LIMIT", 1]]
  ↳ app/views/posts/index.html.erb:26
  [1m[36mUser Load (0.5ms)[0m  [1m[34mSELECT  "users".* FROM "users" WHERE "users"."remember_token" = $1 ORDER BY "users"."id" ASC LIMIT $2[0m  [["remember_token", "3c8b20510f5b7498764467412cb2e0877260fe4b"], ["LIMIT", 1]]
  ↳ app/views/posts/index.html.erb:29
  Rendered posts/index.html.erb within layouts/application (27.4ms)
  Rendered layouts/_shim.html.erb (0.4ms)
  Rendered layouts/_header.html.erb (1.4ms)
  Rendered layouts/_footer.html.erb (0.4ms)
Completed 200 OK in 605ms (Views: 563.6ms | ActiveRecord: 2.9ms)


Started GET "/" for ::1 at 2019-07-22 23:12:39 -0700
Processing by StaticPagesController#home as HTML
  Rendering static_pages/home.html.erb within layouts/application
  [1m[36mUser Load (0.8ms)[0m  [1m[34mSELECT  "users".* FROM "users" WHERE "users"."remember_token" = $1 ORDER BY "users"."id" ASC LIMIT $2[0m  [["remember_token", "3c8b20510f5b7498764467412cb2e0877260fe4b"], ["LIMIT", 1]]
  ↳ app/views/static_pages/home.html.erb:1
  Rendered static_pages/home.html.erb within layouts/application (19.1ms)
  Rendered layouts/_shim.html.erb (0.4ms)
  Rendered layouts/_header.html.erb (1.2ms)
  Rendered layouts/_footer.html.erb (0.4ms)
Completed 200 OK in 726ms (Views: 692.9ms | ActiveRecord: 0.8ms)


Started DELETE "/sign_out" for ::1 at 2019-07-22 23:19:52 -0700
  [1m[35m (1.1ms)[0m  [1m[34mSELECT "schema_migrations"."version" FROM "schema_migrations" ORDER BY "schema_migrations"."version" ASC[0m
  ↳ C:/Ruby25-x64/lib/ruby/gems/2.5.0/gems/activerecord-5.2.3/lib/active_record/log_subscriber.rb:98
Processing by Clearance::SessionsController#destroy as HTML
  Parameters: {"authenticity_token"=>"[FILTERED]"}
  [1m[36mUser Load (1.0ms)[0m  [1m[34mSELECT  "users".* FROM "users" WHERE "users"."remember_token" = $1 ORDER BY "users"."id" ASC LIMIT $2[0m  [["remember_token", "3c8b20510f5b7498764467412cb2e0877260fe4b"], ["LIMIT", 1]]
  ↳ C:/Ruby25-x64/lib/ruby/gems/2.5.0/gems/activerecord-5.2.3/lib/active_record/log_subscriber.rb:98
  [1m[35m (0.3ms)[0m  [1m[35mBEGIN[0m
  ↳ C:/Ruby25-x64/lib/ruby/gems/2.5.0/gems/activerecord-5.2.3/lib/active_record/log_subscriber.rb:98
  [1m[36mUser Update (1.0ms)[0m  [1m[33mUPDATE "users" SET "remember_token" = $1, "updated_at" = $2 WHERE "users"."id" = $3[0m  [["remember_token", "d253494b70e9521090e250e1ca42a531ab1c33fe"], ["updated_at", "2019-07-23 06:19:53.279631"], ["id", 1]]
  ↳ C:/Ruby25-x64/lib/ruby/gems/2.5.0/gems/activerecord-5.2.3/lib/active_record/log_subscriber.rb:98
  [1m[35m (8.1ms)[0m  [1m[35mCOMMIT[0m
  ↳ C:/Ruby25-x64/lib/ruby/gems/2.5.0/gems/activerecord-5.2.3/lib/active_record/log_subscriber.rb:98
Redirected to http://localhost:3000/sign_in
Completed 302 Found in 117ms (ActiveRecord: 17.5ms)


Started GET "/sign_in" for ::1 at 2019-07-22 23:19:53 -0700
Processing by Clearance::SessionsController#new as HTML
  Rendering sessions/new.html.erb within layouts/application
  Rendered sessions/_form.html.erb (72.9ms)
  Rendered sessions/new.html.erb within layouts/application (119.8ms)
  Rendered layouts/_shim.html.erb (2.5ms)
  Rendered layouts/_header.html.erb (1.3ms)
  Rendered layouts/_footer.html.erb (0.6ms)
Completed 200 OK in 2024ms (Views: 2022.9ms | ActiveRecord: 0.0ms)


Started GET "/sign_up" for ::1 at 2019-07-22 23:19:58 -0700
Processing by Clearance::UsersController#new as HTML
  Rendering users/new.html.erb within layouts/application
  Rendered users/_form.html.erb (8.6ms)
  Rendered users/new.html.erb within layouts/application (94.7ms)
  Rendered layouts/_shim.html.erb (0.4ms)
  Rendered layouts/_header.html.erb (1.1ms)
  Rendered layouts/_footer.html.erb (0.5ms)
Completed 200 OK in 1208ms (Views: 1206.1ms | ActiveRecord: 0.0ms)


Started POST "/users" for ::1 at 2019-07-22 23:20:04 -0700
Processing by Clearance::UsersController#create as HTML
  Parameters: {"utf8"=>"✓", "authenticity_token"=>"[FILTERED]", "user"=>{"email"=>"kk@gmail.com", "password"=>"[FILTERED]"}, "commit"=>"Sign Up"}
  [1m[35m (0.2ms)[0m  [1m[35mBEGIN[0m
  ↳ C:/Ruby25-x64/lib/ruby/gems/2.5.0/gems/activerecord-5.2.3/lib/active_record/log_subscriber.rb:98
  [1m[36mUser Exists (0.7ms)[0m  [1m[34mSELECT  1 AS one FROM "users" WHERE "users"."email" = $1 LIMIT $2[0m  [["email", "kk@gmail.com"], ["LIMIT", 1]]
  ↳ C:/Ruby25-x64/lib/ruby/gems/2.5.0/gems/activerecord-5.2.3/lib/active_record/log_subscriber.rb:98
  [1m[36mUser Create (1.1ms)[0m  [1m[32mINSERT INTO "users" ("created_at", "updated_at", "email", "encrypted_password", "remember_token") VALUES ($1, $2, $3, $4, $5) RETURNING "id"[0m  [["created_at", "2019-07-23 06:20:04.439850"], ["updated_at", "2019-07-23 06:20:04.439850"], ["email", "kk@gmail.com"], ["encrypted_password", "$2a$12$UNdvvCa.2vFVt5/Xw1T8juobn8HXBs6FiczNahzADm0ffqpfy2c3C"], ["remember_token", "51c23f148f42a5993fcd1c28de7008c926716d69"]]
  ↳ C:/Ruby25-x64/lib/ruby/gems/2.5.0/gems/activerecord-5.2.3/lib/active_record/log_subscriber.rb:98
  [1m[35m (2.4ms)[0m  [1m[35mCOMMIT[0m
  ↳ C:/Ruby25-x64/lib/ruby/gems/2.5.0/gems/activerecord-5.2.3/lib/active_record/log_subscriber.rb:98
Redirected to http://localhost:3000/
Completed 302 Found in 323ms (ActiveRecord: 4.5ms)


Started GET "/" for ::1 at 2019-07-22 23:20:04 -0700
Processing by StaticPagesController#home as HTML
  Rendering static_pages/home.html.erb within layouts/application
  [1m[36mUser Load (0.7ms)[0m  [1m[34mSELECT  "users".* FROM "users" WHERE "users"."remember_token" = $1 ORDER BY "users"."id" ASC LIMIT $2[0m  [["remember_token", "51c23f148f42a5993fcd1c28de7008c926716d69"], ["LIMIT", 1]]
  ↳ app/views/static_pages/home.html.erb:1
  Rendered static_pages/home.html.erb within layouts/application (18.7ms)
  Rendered layouts/_shim.html.erb (0.7ms)
  Rendered layouts/_header.html.erb (1.2ms)
  Rendered layouts/_footer.html.erb (0.7ms)
Completed 200 OK in 813ms (Views: 776.9ms | ActiveRecord: 0.7ms)


Started GET "/posts" for ::1 at 2019-07-22 23:20:08 -0700
Processing by PostsController#index as HTML
  Rendering posts/index.html.erb within layouts/application
  [1m[36mPost Load (1.8ms)[0m  [1m[34mSELECT "posts".* FROM "posts"[0m
  ↳ app/views/posts/index.html.erb:21
  [1m[36mService Load (0.6ms)[0m  [1m[34mSELECT  "services".* FROM "services" WHERE "services"."id" = $1 LIMIT $2[0m  [["id", 1], ["LIMIT", 1]]
  ↳ app/views/posts/index.html.erb:23
  [1m[36mCategory Load (0.7ms)[0m  [1m[34mSELECT  "categories".* FROM "categories" WHERE "categories"."id" = $1 LIMIT $2[0m  [["id", 2], ["LIMIT", 1]]
  ↳ app/views/posts/index.html.erb:25
  [1m[36mLocation Load (0.9ms)[0m  [1m[34mSELECT  "locations".* FROM "locations" WHERE "locations"."id" = $1 LIMIT $2[0m  [["id", 2], ["LIMIT", 1]]
  ↳ app/views/posts/index.html.erb:26
  [1m[36mUser Load (0.6ms)[0m  [1m[34mSELECT  "users".* FROM "users" WHERE "users"."remember_token" = $1 ORDER BY "users"."id" ASC LIMIT $2[0m  [["remember_token", "51c23f148f42a5993fcd1c28de7008c926716d69"], ["LIMIT", 1]]
  ↳ app/views/posts/index.html.erb:29
  Rendered posts/index.html.erb within layouts/application (142.9ms)
  Rendered layouts/_shim.html.erb (0.4ms)
  Rendered layouts/_header.html.erb (1.2ms)
  Rendered layouts/_footer.html.erb (0.5ms)
Completed 200 OK in 961ms (Views: 862.1ms | ActiveRecord: 21.0ms)


Started GET "/posts/new" for ::1 at 2019-07-22 23:20:14 -0700
Processing by PostsController#new as HTML
  Rendering posts/new.html.erb within layouts/application
  Rendered posts/_form.html.erb (12.1ms)
  Rendered posts/new.html.erb within layouts/application (44.3ms)
  Rendered layouts/_shim.html.erb (0.5ms)
  [1m[36mUser Load (0.7ms)[0m  [1m[34mSELECT  "users".* FROM "users" WHERE "users"."remember_token" = $1 ORDER BY "users"."id" ASC LIMIT $2[0m  [["remember_token", "51c23f148f42a5993fcd1c28de7008c926716d69"], ["LIMIT", 1]]
  ↳ app/views/layouts/_header.html.erb:10
  Rendered layouts/_header.html.erb (13.4ms)
  Rendered layouts/_footer.html.erb (0.5ms)
Completed 200 OK in 694ms (Views: 662.9ms | ActiveRecord: 0.7ms)


Started POST "/posts" for ::1 at 2019-07-22 23:21:44 -0700
Processing by PostsController#create as HTML
  Parameters: {"utf8"=>"✓", "authenticity_token"=>"[FILTERED]", "post"=>{"service_id"=>"2", "title"=>"Carpool to SFU", "category_id"=>"1", "location_id"=>"4", "body"=>"I need to go to SFU from West Vancouver. Was wondering if anyone could drive me Mondays and Wednesdays I pay 400$ a month"}, "commit"=>"Create Post"}
  [1m[36mUser Load (0.8ms)[0m  [1m[34mSELECT  "users".* FROM "users" WHERE "users"."remember_token" = $1 ORDER BY "users"."id" ASC LIMIT $2[0m  [["remember_token", "51c23f148f42a5993fcd1c28de7008c926716d69"], ["LIMIT", 1]]
  ↳ app/controllers/posts_controller.rb:32
  [1m[35m (0.3ms)[0m  [1m[35mBEGIN[0m
  ↳ app/controllers/posts_controller.rb:34
  [1m[36mCategory Load (0.5ms)[0m  [1m[34mSELECT  "categories".* FROM "categories" WHERE "categories"."id" = $1 LIMIT $2[0m  [["id", 1], ["LIMIT", 1]]
  ↳ app/controllers/posts_controller.rb:34
  [1m[36mService Load (0.4ms)[0m  [1m[34mSELECT  "services".* FROM "services" WHERE "services"."id" = $1 LIMIT $2[0m  [["id", 2], ["LIMIT", 1]]
  ↳ app/controllers/posts_controller.rb:34
  [1m[36mLocation Load (0.9ms)[0m  [1m[34mSELECT  "locations".* FROM "locations" WHERE "locations"."id" = $1 LIMIT $2[0m  [["id", 4], ["LIMIT", 1]]
  ↳ app/controllers/posts_controller.rb:34
  [1m[36mPost Create (1.3ms)[0m  [1m[32mINSERT INTO "posts" ("title", "body", "email", "created_at", "updated_at", "category_id", "service_id", "location_id") VALUES ($1, $2, $3, $4, $5, $6, $7, $8) RETURNING "id"[0m  [["title", "Carpool to SFU"], ["body", "I need to go to SFU from West Vancouver. Was wondering if anyone could drive me Mondays and Wednesdays I pay 400$ a month"], ["email", "kk@gmail.com"], ["created_at", "2019-07-23 06:21:44.844057"], ["updated_at", "2019-07-23 06:21:44.844057"], ["category_id", 1], ["service_id", 2], ["location_id", 4]]
  ↳ app/controllers/posts_controller.rb:34
  [1m[35m (1.0ms)[0m  [1m[35mCOMMIT[0m
  ↳ app/controllers/posts_controller.rb:34
Redirected to http://localhost:3000/posts/2
Completed 302 Found in 47ms (ActiveRecord: 5.2ms)


Started GET "/posts/2" for ::1 at 2019-07-22 23:21:44 -0700
Processing by PostsController#show as HTML
  Parameters: {"id"=>"2"}
  [1m[36mPost Load (0.9ms)[0m  [1m[34mSELECT  "posts".* FROM "posts" WHERE "posts"."id" = $1 LIMIT $2[0m  [["id", 2], ["LIMIT", 1]]
  ↳ app/controllers/posts_controller.rb:71
  Rendering posts/show.html.erb within layouts/application
  [1m[36mService Load (0.6ms)[0m  [1m[34mSELECT  "services".* FROM "services" WHERE "services"."id" = $1 LIMIT $2[0m  [["id", 2], ["LIMIT", 1]]
  ↳ app/views/posts/show.html.erb:9
  [1m[36mCategory Load (0.5ms)[0m  [1m[34mSELECT  "categories".* FROM "categories" WHERE "categories"."id" = $1 LIMIT $2[0m  [["id", 1], ["LIMIT", 1]]
  ↳ app/views/posts/show.html.erb:19
  [1m[36mLocation Load (0.7ms)[0m  [1m[34mSELECT  "locations".* FROM "locations" WHERE "locations"."id" = $1 LIMIT $2[0m  [["id", 4], ["LIMIT", 1]]
  ↳ app/views/posts/show.html.erb:24
  [1m[36mUser Load (0.8ms)[0m  [1m[34mSELECT  "users".* FROM "users" WHERE "users"."remember_token" = $1 ORDER BY "users"."id" ASC LIMIT $2[0m  [["remember_token", "51c23f148f42a5993fcd1c28de7008c926716d69"], ["LIMIT", 1]]
  ↳ app/views/posts/show.html.erb:33
  Rendered posts/show.html.erb within layouts/application (26.5ms)
  Rendered layouts/_shim.html.erb (0.5ms)
  Rendered layouts/_header.html.erb (1.1ms)
  Rendered layouts/_footer.html.erb (0.6ms)
Completed 200 OK in 878ms (Views: 826.8ms | ActiveRecord: 3.6ms)


Started GET "/posts" for ::1 at 2019-07-22 23:21:49 -0700
Processing by PostsController#index as HTML
  Rendering posts/index.html.erb within layouts/application
  [1m[36mPost Load (1.0ms)[0m  [1m[34mSELECT "posts".* FROM "posts"[0m
  ↳ app/views/posts/index.html.erb:21
  [1m[36mService Load (0.5ms)[0m  [1m[34mSELECT  "services".* FROM "services" WHERE "services"."id" = $1 LIMIT $2[0m  [["id", 1], ["LIMIT", 1]]
  ↳ app/views/posts/index.html.erb:23
  [1m[36mCategory Load (0.9ms)[0m  [1m[34mSELECT  "categories".* FROM "categories" WHERE "categories"."id" = $1 LIMIT $2[0m  [["id", 2], ["LIMIT", 1]]
  ↳ app/views/posts/index.html.erb:25
  [1m[36mLocation Load (0.5ms)[0m  [1m[34mSELECT  "locations".* FROM "locations" WHERE "locations"."id" = $1 LIMIT $2[0m  [["id", 2], ["LIMIT", 1]]
  ↳ app/views/posts/index.html.erb:26
  [1m[36mUser Load (0.8ms)[0m  [1m[34mSELECT  "users".* FROM "users" WHERE "users"."remember_token" = $1 ORDER BY "users"."id" ASC LIMIT $2[0m  [["remember_token", "51c23f148f42a5993fcd1c28de7008c926716d69"], ["LIMIT", 1]]
  ↳ app/views/posts/index.html.erb:29
  [1m[36mService Load (0.6ms)[0m  [1m[34mSELECT  "services".* FROM "services" WHERE "services"."id" = $1 LIMIT $2[0m  [["id", 2], ["LIMIT", 1]]
  ↳ app/views/posts/index.html.erb:23
  [1m[36mCategory Load (0.9ms)[0m  [1m[34mSELECT  "categories".* FROM "categories" WHERE "categories"."id" = $1 LIMIT $2[0m  [["id", 1], ["LIMIT", 1]]
  ↳ app/views/posts/index.html.erb:25
  [1m[36mLocation Load (0.6ms)[0m  [1m[34mSELECT  "locations".* FROM "locations" WHERE "locations"."id" = $1 LIMIT $2[0m  [["id", 4], ["LIMIT", 1]]
  ↳ app/views/posts/index.html.erb:26
  Rendered posts/index.html.erb within layouts/application (49.7ms)
  Rendered layouts/_shim.html.erb (0.5ms)
  Rendered layouts/_header.html.erb (4.5ms)
  Rendered layouts/_footer.html.erb (0.5ms)
Completed 200 OK in 700ms (Views: 657.9ms | ActiveRecord: 5.7ms)


Started DELETE "/sign_out" for ::1 at 2019-07-22 23:21:55 -0700
Processing by Clearance::SessionsController#destroy as HTML
  Parameters: {"authenticity_token"=>"[FILTERED]"}
  [1m[36mUser Load (0.8ms)[0m  [1m[34mSELECT  "users".* FROM "users" WHERE "users"."remember_token" = $1 ORDER BY "users"."id" ASC LIMIT $2[0m  [["remember_token", "51c23f148f42a5993fcd1c28de7008c926716d69"], ["LIMIT", 1]]
  ↳ C:/Ruby25-x64/lib/ruby/gems/2.5.0/gems/activerecord-5.2.3/lib/active_record/log_subscriber.rb:98
  [1m[35m (0.4ms)[0m  [1m[35mBEGIN[0m
  ↳ C:/Ruby25-x64/lib/ruby/gems/2.5.0/gems/activerecord-5.2.3/lib/active_record/log_subscriber.rb:98
  [1m[36mUser Update (0.7ms)[0m  [1m[33mUPDATE "users" SET "remember_token" = $1, "updated_at" = $2 WHERE "users"."id" = $3[0m  [["remember_token", "687d6680e622c52eef2460b358ff56bcaa808497"], ["updated_at", "2019-07-23 06:21:56.000925"], ["id", 2]]
  ↳ C:/Ruby25-x64/lib/ruby/gems/2.5.0/gems/activerecord-5.2.3/lib/active_record/log_subscriber.rb:98
  [1m[35m (5.7ms)[0m  [1m[35mCOMMIT[0m
  ↳ C:/Ruby25-x64/lib/ruby/gems/2.5.0/gems/activerecord-5.2.3/lib/active_record/log_subscriber.rb:98
Redirected to http://localhost:3000/sign_in
Completed 302 Found in 29ms (ActiveRecord: 7.5ms)


Started GET "/sign_in" for ::1 at 2019-07-22 23:21:56 -0700
Processing by Clearance::SessionsController#new as HTML
  Rendering sessions/new.html.erb within layouts/application
  Rendered sessions/_form.html.erb (1.4ms)
  Rendered sessions/new.html.erb within layouts/application (33.8ms)
  Rendered layouts/_shim.html.erb (0.4ms)
  Rendered layouts/_header.html.erb (1.2ms)
  Rendered layouts/_footer.html.erb (0.5ms)
Completed 200 OK in 695ms (Views: 694.0ms | ActiveRecord: 0.0ms)


Started GET "/sign_up" for ::1 at 2019-07-22 23:21:59 -0700
Processing by Clearance::UsersController#new as HTML
  Rendering users/new.html.erb within layouts/application
  Rendered users/_form.html.erb (1.5ms)
  Rendered users/new.html.erb within layouts/application (38.5ms)
  Rendered layouts/_shim.html.erb (0.4ms)
  Rendered layouts/_header.html.erb (1.6ms)
  Rendered layouts/_footer.html.erb (0.9ms)
Completed 200 OK in 851ms (Views: 849.4ms | ActiveRecord: 0.0ms)


Started POST "/users" for ::1 at 2019-07-22 23:22:32 -0700
Processing by Clearance::UsersController#create as HTML
  Parameters: {"utf8"=>"✓", "authenticity_token"=>"[FILTERED]", "user"=>{"email"=>"jj@gmail.com", "password"=>"[FILTERED]"}, "commit"=>"Sign Up"}
  [1m[35m (0.3ms)[0m  [1m[35mBEGIN[0m
  ↳ C:/Ruby25-x64/lib/ruby/gems/2.5.0/gems/activerecord-5.2.3/lib/active_record/log_subscriber.rb:98
  [1m[36mUser Exists (0.6ms)[0m  [1m[34mSELECT  1 AS one FROM "users" WHERE "users"."email" = $1 LIMIT $2[0m  [["email", "jj@gmail.com"], ["LIMIT", 1]]
  ↳ C:/Ruby25-x64/lib/ruby/gems/2.5.0/gems/activerecord-5.2.3/lib/active_record/log_subscriber.rb:98
  [1m[36mUser Create (0.6ms)[0m  [1m[32mINSERT INTO "users" ("created_at", "updated_at", "email", "encrypted_password", "remember_token") VALUES ($1, $2, $3, $4, $5) RETURNING "id"[0m  [["created_at", "2019-07-23 06:22:32.612464"], ["updated_at", "2019-07-23 06:22:32.612464"], ["email", "jj@gmail.com"], ["encrypted_password", "$2a$12$tTe.NjAM8VvI52zuUBKcGu0y.NxDD9C9icoRsOC9rnQqydnwMS7xm"], ["remember_token", "2630e4e6f72f34b862501803bb1c76833289c482"]]
  ↳ C:/Ruby25-x64/lib/ruby/gems/2.5.0/gems/activerecord-5.2.3/lib/active_record/log_subscriber.rb:98
  [1m[35m (34.4ms)[0m  [1m[35mCOMMIT[0m
  ↳ C:/Ruby25-x64/lib/ruby/gems/2.5.0/gems/activerecord-5.2.3/lib/active_record/log_subscriber.rb:98
Redirected to http://localhost:3000/
Completed 302 Found in 342ms (ActiveRecord: 35.8ms)


Started GET "/" for ::1 at 2019-07-22 23:22:32 -0700
Processing by StaticPagesController#home as HTML
  Rendering static_pages/home.html.erb within layouts/application
  [1m[36mUser Load (0.5ms)[0m  [1m[34mSELECT  "users".* FROM "users" WHERE "users"."remember_token" = $1 ORDER BY "users"."id" ASC LIMIT $2[0m  [["remember_token", "2630e4e6f72f34b862501803bb1c76833289c482"], ["LIMIT", 1]]
  ↳ app/views/static_pages/home.html.erb:1
  Rendered static_pages/home.html.erb within layouts/application (22.2ms)
  Rendered layouts/_shim.html.erb (0.4ms)
  Rendered layouts/_header.html.erb (5.2ms)
  Rendered layouts/_footer.html.erb (0.5ms)
Completed 200 OK in 848ms (Views: 816.8ms | ActiveRecord: 0.5ms)


Started GET "/posts" for ::1 at 2019-07-22 23:22:37 -0700
Processing by PostsController#index as HTML
  Rendering posts/index.html.erb within layouts/application
  [1m[36mPost Load (0.6ms)[0m  [1m[34mSELECT "posts".* FROM "posts"[0m
  ↳ app/views/posts/index.html.erb:21
  [1m[36mService Load (0.4ms)[0m  [1m[34mSELECT  "services".* FROM "services" WHERE "services"."id" = $1 LIMIT $2[0m  [["id", 1], ["LIMIT", 1]]
  ↳ app/views/posts/index.html.erb:23
  [1m[36mCategory Load (0.6ms)[0m  [1m[34mSELECT  "categories".* FROM "categories" WHERE "categories"."id" = $1 LIMIT $2[0m  [["id", 2], ["LIMIT", 1]]
  ↳ app/views/posts/index.html.erb:25
  [1m[36mLocation Load (0.5ms)[0m  [1m[34mSELECT  "locations".* FROM "locations" WHERE "locations"."id" = $1 LIMIT $2[0m  [["id", 2], ["LIMIT", 1]]
  ↳ app/views/posts/index.html.erb:26
  [1m[36mUser Load (0.6ms)[0m  [1m[34mSELECT  "users".* FROM "users" WHERE "users"."remember_token" = $1 ORDER BY "users"."id" ASC LIMIT $2[0m  [["remember_token", "2630e4e6f72f34b862501803bb1c76833289c482"], ["LIMIT", 1]]
  ↳ app/views/posts/index.html.erb:29
  [1m[36mService Load (0.4ms)[0m  [1m[34mSELECT  "services".* FROM "services" WHERE "services"."id" = $1 LIMIT $2[0m  [["id", 2], ["LIMIT", 1]]
  ↳ app/views/posts/index.html.erb:23
  [1m[36mCategory Load (0.5ms)[0m  [1m[34mSELECT  "categories".* FROM "categories" WHERE "categories"."id" = $1 LIMIT $2[0m  [["id", 1], ["LIMIT", 1]]
  ↳ app/views/posts/index.html.erb:25
  [1m[36mLocation Load (0.6ms)[0m  [1m[34mSELECT  "locations".* FROM "locations" WHERE "locations"."id" = $1 LIMIT $2[0m  [["id", 4], ["LIMIT", 1]]
  ↳ app/views/posts/index.html.erb:26
  Rendered posts/index.html.erb within layouts/application (44.2ms)
  Rendered layouts/_shim.html.erb (0.5ms)
  Rendered layouts/_header.html.erb (2.6ms)
  Rendered layouts/_footer.html.erb (0.5ms)
Completed 200 OK in 901ms (Views: 864.2ms | ActiveRecord: 4.1ms)


Started GET "/posts/new" for ::1 at 2019-07-22 23:22:40 -0700
Processing by PostsController#new as HTML
  Rendering posts/new.html.erb within layouts/application
  Rendered posts/_form.html.erb (4.7ms)
  Rendered posts/new.html.erb within layouts/application (39.1ms)
  Rendered layouts/_shim.html.erb (0.5ms)
  [1m[36mUser Load (0.5ms)[0m  [1m[34mSELECT  "users".* FROM "users" WHERE "users"."remember_token" = $1 ORDER BY "users"."id" ASC LIMIT $2[0m  [["remember_token", "2630e4e6f72f34b862501803bb1c76833289c482"], ["LIMIT", 1]]
  ↳ app/views/layouts/_header.html.erb:10
  Rendered layouts/_header.html.erb (10.7ms)
  Rendered layouts/_footer.html.erb (0.5ms)
Completed 200 OK in 716ms (Views: 685.8ms | ActiveRecord: 0.5ms)


Started GET "/" for ::1 at 2019-07-22 23:24:31 -0700
Processing by StaticPagesController#home as HTML
  Rendering static_pages/home.html.erb within layouts/application
  [1m[36mUser Load (0.5ms)[0m  [1m[34mSELECT  "users".* FROM "users" WHERE "users"."remember_token" = $1 ORDER BY "users"."id" ASC LIMIT $2[0m  [["remember_token", "2630e4e6f72f34b862501803bb1c76833289c482"], ["LIMIT", 1]]
  ↳ app/views/static_pages/home.html.erb:1
  Rendered static_pages/home.html.erb within layouts/application (18.5ms)
  Rendered layouts/_shim.html.erb (0.5ms)
  Rendered layouts/_header.html.erb (1.5ms)
  Rendered layouts/_footer.html.erb (0.5ms)
Completed 200 OK in 853ms (Views: 811.7ms | ActiveRecord: 0.5ms)


Started GET "/posts/index?utf8=%E2%9C%93&term=Carpool&searchB=" for ::1 at 2019-07-22 23:24:46 -0700
Processing by PostsController#index as HTML
  Parameters: {"utf8"=>"✓", "term"=>"Carpool", "searchB"=>""}
  Rendering posts/index.html.erb within layouts/application
  [1m[36mPost Load (23.9ms)[0m  [1m[34mSELECT "posts".* FROM "posts" WHERE (lower(title) LIKE '%carpool%')[0m
  ↳ app/views/posts/index.html.erb:21
  [1m[36mService Load (0.4ms)[0m  [1m[34mSELECT  "services".* FROM "services" WHERE "services"."id" = $1 LIMIT $2[0m  [["id", 2], ["LIMIT", 1]]
  ↳ app/views/posts/index.html.erb:23
  [1m[36mCategory Load (0.4ms)[0m  [1m[34mSELECT  "categories".* FROM "categories" WHERE "categories"."id" = $1 LIMIT $2[0m  [["id", 1], ["LIMIT", 1]]
  ↳ app/views/posts/index.html.erb:25
  [1m[36mLocation Load (0.5ms)[0m  [1m[34mSELECT  "locations".* FROM "locations" WHERE "locations"."id" = $1 LIMIT $2[0m  [["id", 4], ["LIMIT", 1]]
  ↳ app/views/posts/index.html.erb:26
  [1m[36mUser Load (0.3ms)[0m  [1m[34mSELECT  "users".* FROM "users" WHERE "users"."remember_token" = $1 ORDER BY "users"."id" ASC LIMIT $2[0m  [["remember_token", "2630e4e6f72f34b862501803bb1c76833289c482"], ["LIMIT", 1]]
  ↳ app/views/posts/index.html.erb:29
  Rendered posts/index.html.erb within layouts/application (48.3ms)
  Rendered layouts/_shim.html.erb (1.7ms)
  Rendered layouts/_header.html.erb (1.2ms)
  Rendered layouts/_footer.html.erb (0.5ms)
Completed 200 OK in 726ms (Views: 654.4ms | ActiveRecord: 25.6ms)


Started GET "/posts/new" for ::1 at 2019-07-22 23:24:51 -0700
Processing by PostsController#new as HTML
  Rendering posts/new.html.erb within layouts/application
  Rendered posts/_form.html.erb (3.1ms)
  Rendered posts/new.html.erb within layouts/application (33.9ms)
  Rendered layouts/_shim.html.erb (0.7ms)
  [1m[36mUser Load (0.6ms)[0m  [1m[34mSELECT  "users".* FROM "users" WHERE "users"."remember_token" = $1 ORDER BY "users"."id" ASC LIMIT $2[0m  [["remember_token", "2630e4e6f72f34b862501803bb1c76833289c482"], ["LIMIT", 1]]
  ↳ app/views/layouts/_header.html.erb:10
  Rendered layouts/_header.html.erb (85.5ms)
  Rendered layouts/_footer.html.erb (0.6ms)
Completed 200 OK in 956ms (Views: 925.2ms | ActiveRecord: 0.6ms)


Started POST "/posts" for ::1 at 2019-07-22 23:26:33 -0700
Processing by PostsController#create as HTML
  Parameters: {"utf8"=>"✓", "authenticity_token"=>"[FILTERED]", "post"=>{"service_id"=>"1", "title"=>"Carpool", "category_id"=>"1", "location_id"=>"2", "body"=>"I go to airport from north Van weekdays at 8am. I don't mind dropping some people off for free on my way. LOL"}, "commit"=>"Create Post"}
  [1m[36mUser Load (0.5ms)[0m  [1m[34mSELECT  "users".* FROM "users" WHERE "users"."remember_token" = $1 ORDER BY "users"."id" ASC LIMIT $2[0m  [["remember_token", "2630e4e6f72f34b862501803bb1c76833289c482"], ["LIMIT", 1]]
  ↳ app/controllers/posts_controller.rb:32
  [1m[35m (0.4ms)[0m  [1m[35mBEGIN[0m
  ↳ app/controllers/posts_controller.rb:34
  [1m[36mCategory Load (0.4ms)[0m  [1m[34mSELECT  "categories".* FROM "categories" WHERE "categories"."id" = $1 LIMIT $2[0m  [["id", 1], ["LIMIT", 1]]
  ↳ app/controllers/posts_controller.rb:34
  [1m[36mService Load (0.4ms)[0m  [1m[34mSELECT  "services".* FROM "services" WHERE "services"."id" = $1 LIMIT $2[0m  [["id", 1], ["LIMIT", 1]]
  ↳ app/controllers/posts_controller.rb:34
  [1m[36mLocation Load (0.6ms)[0m  [1m[34mSELECT  "locations".* FROM "locations" WHERE "locations"."id" = $1 LIMIT $2[0m  [["id", 2], ["LIMIT", 1]]
  ↳ app/controllers/posts_controller.rb:34
  [1m[36mPost Create (1.1ms)[0m  [1m[32mINSERT INTO "posts" ("title", "body", "email", "created_at", "updated_at", "category_id", "service_id", "location_id") VALUES ($1, $2, $3, $4, $5, $6, $7, $8) RETURNING "id"[0m  [["title", "Carpool"], ["body", "I go to airport from north Van weekdays at 8am. I don't mind dropping some people off for free on my way. LOL"], ["email", "jj@gmail.com"], ["created_at", "2019-07-23 06:26:33.949302"], ["updated_at", "2019-07-23 06:26:33.949302"], ["category_id", 1], ["service_id", 1], ["location_id", 2]]
  ↳ app/controllers/posts_controller.rb:34
  [1m[35m (27.0ms)[0m  [1m[35mCOMMIT[0m
  ↳ app/controllers/posts_controller.rb:34
Redirected to http://localhost:3000/posts/3
Completed 302 Found in 67ms (ActiveRecord: 30.4ms)


Started GET "/posts/3" for ::1 at 2019-07-22 23:26:34 -0700
Processing by PostsController#show as HTML
  Parameters: {"id"=>"3"}
  [1m[36mPost Load (0.8ms)[0m  [1m[34mSELECT  "posts".* FROM "posts" WHERE "posts"."id" = $1 LIMIT $2[0m  [["id", 3], ["LIMIT", 1]]
  ↳ app/controllers/posts_controller.rb:71
  Rendering posts/show.html.erb within layouts/application
  [1m[36mService Load (0.5ms)[0m  [1m[34mSELECT  "services".* FROM "services" WHERE "services"."id" = $1 LIMIT $2[0m  [["id", 1], ["LIMIT", 1]]
  ↳ app/views/posts/show.html.erb:9
  [1m[36mCategory Load (0.3ms)[0m  [1m[34mSELECT  "categories".* FROM "categories" WHERE "categories"."id" = $1 LIMIT $2[0m  [["id", 1], ["LIMIT", 1]]
  ↳ app/views/posts/show.html.erb:19
  [1m[36mLocation Load (0.6ms)[0m  [1m[34mSELECT  "locations".* FROM "locations" WHERE "locations"."id" = $1 LIMIT $2[0m  [["id", 2], ["LIMIT", 1]]
  ↳ app/views/posts/show.html.erb:24
  [1m[36mUser Load (0.4ms)[0m  [1m[34mSELECT  "users".* FROM "users" WHERE "users"."remember_token" = $1 ORDER BY "users"."id" ASC LIMIT $2[0m  [["remember_token", "2630e4e6f72f34b862501803bb1c76833289c482"], ["LIMIT", 1]]
  ↳ app/views/posts/show.html.erb:33
  Rendered posts/show.html.erb within layouts/application (23.8ms)
  Rendered layouts/_shim.html.erb (0.4ms)
  Rendered layouts/_header.html.erb (1.1ms)
  Rendered layouts/_footer.html.erb (0.5ms)
Completed 200 OK in 708ms (Views: 665.7ms | ActiveRecord: 2.5ms)


Started GET "/posts" for ::1 at 2019-07-22 23:26:37 -0700
Processing by PostsController#index as HTML
  Rendering posts/index.html.erb within layouts/application
  [1m[36mPost Load (0.6ms)[0m  [1m[34mSELECT "posts".* FROM "posts"[0m
  ↳ app/views/posts/index.html.erb:21
  [1m[36mService Load (0.3ms)[0m  [1m[34mSELECT  "services".* FROM "services" WHERE "services"."id" = $1 LIMIT $2[0m  [["id", 1], ["LIMIT", 1]]
  ↳ app/views/posts/index.html.erb:23
  [1m[36mCategory Load (0.5ms)[0m  [1m[34mSELECT  "categories".* FROM "categories" WHERE "categories"."id" = $1 LIMIT $2[0m  [["id", 2], ["LIMIT", 1]]
  ↳ app/views/posts/index.html.erb:25
  [1m[36mLocation Load (0.7ms)[0m  [1m[34mSELECT  "locations".* FROM "locations" WHERE "locations"."id" = $1 LIMIT $2[0m  [["id", 2], ["LIMIT", 1]]
  ↳ app/views/posts/index.html.erb:26
  [1m[36mUser Load (0.3ms)[0m  [1m[34mSELECT  "users".* FROM "users" WHERE "users"."remember_token" = $1 ORDER BY "users"."id" ASC LIMIT $2[0m  [["remember_token", "2630e4e6f72f34b862501803bb1c76833289c482"], ["LIMIT", 1]]
  ↳ app/views/posts/index.html.erb:29
  [1m[36mService Load (0.4ms)[0m  [1m[34mSELECT  "services".* FROM "services" WHERE "services"."id" = $1 LIMIT $2[0m  [["id", 2], ["LIMIT", 1]]
  ↳ app/views/posts/index.html.erb:23
  [1m[36mCategory Load (0.4ms)[0m  [1m[34mSELECT  "categories".* FROM "categories" WHERE "categories"."id" = $1 LIMIT $2[0m  [["id", 1], ["LIMIT", 1]]
  ↳ app/views/posts/index.html.erb:25
  [1m[36mLocation Load (0.4ms)[0m  [1m[34mSELECT  "locations".* FROM "locations" WHERE "locations"."id" = $1 LIMIT $2[0m  [["id", 4], ["LIMIT", 1]]
  ↳ app/views/posts/index.html.erb:26
  [1m[36mCACHE Service Load (0.0ms)[0m  [1m[34mSELECT  "services".* FROM "services" WHERE "services"."id" = $1 LIMIT $2[0m  [["id", 1], ["LIMIT", 1]]
  ↳ app/views/posts/index.html.erb:23
  [1m[36mCACHE Category Load (0.1ms)[0m  [1m[34mSELECT  "categories".* FROM "categories" WHERE "categories"."id" = $1 LIMIT $2[0m  [["id", 1], ["LIMIT", 1]]
  ↳ app/views/posts/index.html.erb:25
  [1m[36mCACHE Location Load (0.0ms)[0m  [1m[34mSELECT  "locations".* FROM "locations" WHERE "locations"."id" = $1 LIMIT $2[0m  [["id", 2], ["LIMIT", 1]]
  ↳ app/views/posts/index.html.erb:26
  Rendered posts/index.html.erb within layouts/application (53.2ms)
  Rendered layouts/_shim.html.erb (0.4ms)
  Rendered layouts/_header.html.erb (1.2ms)
  Rendered layouts/_footer.html.erb (1.0ms)
Completed 200 OK in 638ms (Views: 602.1ms | ActiveRecord: 3.8ms)


Started GET "/posts/3/edit" for ::1 at 2019-07-22 23:26:50 -0700
Processing by PostsController#edit as HTML
  Parameters: {"id"=>"3"}
  [1m[36mPost Load (0.8ms)[0m  [1m[34mSELECT  "posts".* FROM "posts" WHERE "posts"."id" = $1 LIMIT $2[0m  [["id", 3], ["LIMIT", 1]]
  ↳ app/controllers/posts_controller.rb:71
  Rendering posts/edit.html.erb within layouts/application
  Rendered posts/_form.html.erb (3.6ms)
  Rendered posts/edit.html.erb within layouts/application (35.1ms)
  Rendered layouts/_shim.html.erb (0.5ms)
  [1m[36mUser Load (0.5ms)[0m  [1m[34mSELECT  "users".* FROM "users" WHERE "users"."remember_token" = $1 ORDER BY "users"."id" ASC LIMIT $2[0m  [["remember_token", "2630e4e6f72f34b862501803bb1c76833289c482"], ["LIMIT", 1]]
  ↳ app/views/layouts/_header.html.erb:10
  Rendered layouts/_header.html.erb (6.0ms)
  Rendered layouts/_footer.html.erb (0.5ms)
Completed 200 OK in 745ms (Views: 705.7ms | ActiveRecord: 1.2ms)


Started PATCH "/posts/3" for ::1 at 2019-07-22 23:26:55 -0700
Processing by PostsController#update as HTML
  Parameters: {"utf8"=>"✓", "authenticity_token"=>"[FILTERED]", "post"=>{"service_id"=>"1", "title"=>"Carpool", "category_id"=>"1", "location_id"=>"1", "body"=>"I go to airport from north Van weekdays at 8am. I don't mind dropping some people off for free on my way. "}, "commit"=>"Create Post", "id"=>"3"}
  [1m[36mPost Load (0.7ms)[0m  [1m[34mSELECT  "posts".* FROM "posts" WHERE "posts"."id" = $1 LIMIT $2[0m  [["id", 3], ["LIMIT", 1]]
  ↳ app/controllers/posts_controller.rb:71
  [1m[35m (0.2ms)[0m  [1m[35mBEGIN[0m
  ↳ app/controllers/posts_controller.rb:48
  [1m[36mCategory Load (0.5ms)[0m  [1m[34mSELECT  "categories".* FROM "categories" WHERE "categories"."id" = $1 LIMIT $2[0m  [["id", 1], ["LIMIT", 1]]
  ↳ app/controllers/posts_controller.rb:48
  [1m[36mService Load (0.5ms)[0m  [1m[34mSELECT  "services".* FROM "services" WHERE "services"."id" = $1 LIMIT $2[0m  [["id", 1], ["LIMIT", 1]]
  ↳ app/controllers/posts_controller.rb:48
  [1m[36mLocation Load (0.5ms)[0m  [1m[34mSELECT  "locations".* FROM "locations" WHERE "locations"."id" = $1 LIMIT $2[0m  [["id", 1], ["LIMIT", 1]]
  ↳ app/controllers/posts_controller.rb:48
  [1m[36mPost Update (1.2ms)[0m  [1m[33mUPDATE "posts" SET "body" = $1, "location_id" = $2, "updated_at" = $3 WHERE "posts"."id" = $4[0m  [["body", "I go to airport from north Van weekdays at 8am. I don't mind dropping some people off for free on my way. "], ["location_id", 1], ["updated_at", "2019-07-23 06:26:55.161412"], ["id", 3]]
  ↳ app/controllers/posts_controller.rb:48
  [1m[35m (1.0ms)[0m  [1m[35mCOMMIT[0m
  ↳ app/controllers/posts_controller.rb:48
Redirected to http://localhost:3000/posts/3
Completed 302 Found in 39ms (ActiveRecord: 4.6ms)


  [1m[36mUser Load (0.5ms)[0m  [1m[34mSELECT  "users".* FROM "users" WHERE "users"."remember_token" = $1 ORDER BY "users"."id" ASC LIMIT $2[0m  [["remember_token", "2630e4e6f72f34b862501803bb1c76833289c482"], ["LIMIT", 1]]
  ↳ C:/Ruby25-x64/lib/ruby/gems/2.5.0/gems/activerecord-5.2.3/lib/active_record/log_subscriber.rb:98
Started GET "/posts/3" for ::1 at 2019-07-22 23:26:55 -0700
Processing by PostsController#show as HTML
  Parameters: {"id"=>"3"}
  [1m[36mPost Load (0.8ms)[0m  [1m[34mSELECT  "posts".* FROM "posts" WHERE "posts"."id" = $1 LIMIT $2[0m  [["id", 3], ["LIMIT", 1]]
  ↳ app/controllers/posts_controller.rb:71
  Rendering posts/show.html.erb within layouts/application
  [1m[36mService Load (0.6ms)[0m  [1m[34mSELECT  "services".* FROM "services" WHERE "services"."id" = $1 LIMIT $2[0m  [["id", 1], ["LIMIT", 1]]
  ↳ app/views/posts/show.html.erb:9
  [1m[36mCategory Load (0.5ms)[0m  [1m[34mSELECT  "categories".* FROM "categories" WHERE "categories"."id" = $1 LIMIT $2[0m  [["id", 1], ["LIMIT", 1]]
  ↳ app/views/posts/show.html.erb:19
  [1m[36mLocation Load (0.6ms)[0m  [1m[34mSELECT  "locations".* FROM "locations" WHERE "locations"."id" = $1 LIMIT $2[0m  [["id", 1], ["LIMIT", 1]]
  ↳ app/views/posts/show.html.erb:24
  [1m[36mUser Load (0.4ms)[0m  [1m[34mSELECT  "users".* FROM "users" WHERE "users"."remember_token" = $1 ORDER BY "users"."id" ASC LIMIT $2[0m  [["remember_token", "2630e4e6f72f34b862501803bb1c76833289c482"], ["LIMIT", 1]]
  ↳ app/views/posts/show.html.erb:33
  Rendered posts/show.html.erb within layouts/application (24.5ms)
  Rendered layouts/_shim.html.erb (0.5ms)
  Rendered layouts/_header.html.erb (1.4ms)
  Rendered layouts/_footer.html.erb (0.4ms)
Completed 200 OK in 890ms (Views: 850.1ms | ActiveRecord: 2.8ms)


Started GET "/posts" for ::1 at 2019-07-22 23:27:08 -0700
Processing by PostsController#index as HTML
  Rendering posts/index.html.erb within layouts/application
  [1m[36mPost Load (0.7ms)[0m  [1m[34mSELECT "posts".* FROM "posts"[0m
  ↳ app/views/posts/index.html.erb:21
  [1m[36mService Load (0.3ms)[0m  [1m[34mSELECT  "services".* FROM "services" WHERE "services"."id" = $1 LIMIT $2[0m  [["id", 1], ["LIMIT", 1]]
  ↳ app/views/posts/index.html.erb:23
  [1m[36mCategory Load (0.6ms)[0m  [1m[34mSELECT  "categories".* FROM "categories" WHERE "categories"."id" = $1 LIMIT $2[0m  [["id", 2], ["LIMIT", 1]]
  ↳ app/views/posts/index.html.erb:25
  [1m[36mLocation Load (0.5ms)[0m  [1m[34mSELECT  "locations".* FROM "locations" WHERE "locations"."id" = $1 LIMIT $2[0m  [["id", 2], ["LIMIT", 1]]
  ↳ app/views/posts/index.html.erb:26
  [1m[36mUser Load (0.6ms)[0m  [1m[34mSELECT  "users".* FROM "users" WHERE "users"."remember_token" = $1 ORDER BY "users"."id" ASC LIMIT $2[0m  [["remember_token", "2630e4e6f72f34b862501803bb1c76833289c482"], ["LIMIT", 1]]
  ↳ app/views/posts/index.html.erb:29
  [1m[36mService Load (0.3ms)[0m  [1m[34mSELECT  "services".* FROM "services" WHERE "services"."id" = $1 LIMIT $2[0m  [["id", 2], ["LIMIT", 1]]
  ↳ app/views/posts/index.html.erb:23
  [1m[36mCategory Load (0.3ms)[0m  [1m[34mSELECT  "categories".* FROM "categories" WHERE "categories"."id" = $1 LIMIT $2[0m  [["id", 1], ["LIMIT", 1]]
  ↳ app/views/posts/index.html.erb:25
  [1m[36mLocation Load (0.5ms)[0m  [1m[34mSELECT  "locations".* FROM "locations" WHERE "locations"."id" = $1 LIMIT $2[0m  [["id", 4], ["LIMIT", 1]]
  ↳ app/views/posts/index.html.erb:26
  [1m[36mCACHE Service Load (0.0ms)[0m  [1m[34mSELECT  "services".* FROM "services" WHERE "services"."id" = $1 LIMIT $2[0m  [["id", 1], ["LIMIT", 1]]
  ↳ app/views/posts/index.html.erb:23
  [1m[36mCACHE Category Load (0.0ms)[0m  [1m[34mSELECT  "categories".* FROM "categories" WHERE "categories"."id" = $1 LIMIT $2[0m  [["id", 1], ["LIMIT", 1]]
  ↳ app/views/posts/index.html.erb:25
  [1m[36mLocation Load (0.5ms)[0m  [1m[34mSELECT  "locations".* FROM "locations" WHERE "locations"."id" = $1 LIMIT $2[0m  [["id", 1], ["LIMIT", 1]]
  ↳ app/views/posts/index.html.erb:26
  Rendered posts/index.html.erb within layouts/application (54.3ms)
  Rendered layouts/_shim.html.erb (0.5ms)
  Rendered layouts/_header.html.erb (1.2ms)
  Rendered layouts/_footer.html.erb (0.5ms)
Completed 200 OK in 702ms (Views: 665.4ms | ActiveRecord: 4.4ms)


Started GET "/" for ::1 at 2019-07-22 23:27:25 -0700
Processing by StaticPagesController#home as HTML
  Rendering static_pages/home.html.erb within layouts/application
  [1m[36mUser Load (0.8ms)[0m  [1m[34mSELECT  "users".* FROM "users" WHERE "users"."remember_token" = $1 ORDER BY "users"."id" ASC LIMIT $2[0m  [["remember_token", "2630e4e6f72f34b862501803bb1c76833289c482"], ["LIMIT", 1]]
  ↳ app/views/static_pages/home.html.erb:1
  Rendered static_pages/home.html.erb within layouts/application (15.4ms)
  Rendered layouts/_shim.html.erb (0.5ms)
  Rendered layouts/_header.html.erb (1.3ms)
  Rendered layouts/_footer.html.erb (0.5ms)
Completed 200 OK in 743ms (Views: 711.4ms | ActiveRecord: 0.8ms)


Started GET "/" for ::1 at 2019-07-22 23:30:22 -0700
Processing by StaticPagesController#home as HTML
  Rendering static_pages/home.html.erb within layouts/application
  [1m[36mUser Load (0.5ms)[0m  [1m[34mSELECT  "users".* FROM "users" WHERE "users"."remember_token" = $1 ORDER BY "users"."id" ASC LIMIT $2[0m  [["remember_token", "2630e4e6f72f34b862501803bb1c76833289c482"], ["LIMIT", 1]]
  ↳ app/views/static_pages/home.html.erb:1
  Rendered static_pages/home.html.erb within layouts/application (15.3ms)
  Rendered layouts/_shim.html.erb (0.4ms)
  Rendered layouts/_header.html.erb (1.5ms)
  Rendered layouts/_footer.html.erb (0.7ms)
Completed 200 OK in 717ms (Views: 684.2ms | ActiveRecord: 0.5ms)


Started GET "/" for ::1 at 2019-07-22 23:36:43 -0700
Processing by StaticPagesController#home as HTML
  Rendering static_pages/home.html.erb within layouts/application
  [1m[36mUser Load (18.0ms)[0m  [1m[34mSELECT  "users".* FROM "users" WHERE "users"."remember_token" = $1 ORDER BY "users"."id" ASC LIMIT $2[0m  [["remember_token", "2630e4e6f72f34b862501803bb1c76833289c482"], ["LIMIT", 1]]
  ↳ app/views/static_pages/home.html.erb:1
  Rendered static_pages/home.html.erb within layouts/application (36.2ms)
  Rendered layouts/_shim.html.erb (0.6ms)
  Rendered layouts/_header.html.erb (1.3ms)
  Rendered layouts/_footer.html.erb (0.4ms)
Completed 200 OK in 736ms (Views: 682.6ms | ActiveRecord: 18.5ms)


Started GET "/" for ::1 at 2019-07-22 23:36:47 -0700
Processing by StaticPagesController#home as HTML
  Rendering static_pages/home.html.erb within layouts/application
  [1m[36mUser Load (0.6ms)[0m  [1m[34mSELECT  "users".* FROM "users" WHERE "users"."remember_token" = $1 ORDER BY "users"."id" ASC LIMIT $2[0m  [["remember_token", "2630e4e6f72f34b862501803bb1c76833289c482"], ["LIMIT", 1]]
  ↳ app/views/static_pages/home.html.erb:1
  Rendered static_pages/home.html.erb within layouts/application (14.9ms)
  Rendered layouts/_shim.html.erb (0.5ms)
  Rendered layouts/_header.html.erb (1.4ms)
  Rendered layouts/_footer.html.erb (1.0ms)
Completed 200 OK in 680ms (Views: 635.5ms | ActiveRecord: 0.6ms)


Started GET "/" for ::1 at 2019-07-22 23:37:04 -0700
Processing by StaticPagesController#home as HTML
  Rendering static_pages/home.html.erb within layouts/application
  [1m[36mUser Load (0.5ms)[0m  [1m[34mSELECT  "users".* FROM "users" WHERE "users"."remember_token" = $1 ORDER BY "users"."id" ASC LIMIT $2[0m  [["remember_token", "2630e4e6f72f34b862501803bb1c76833289c482"], ["LIMIT", 1]]
  ↳ app/views/static_pages/home.html.erb:1
  Rendered static_pages/home.html.erb within layouts/application (11.5ms)
  Rendered layouts/_shim.html.erb (0.5ms)
  Rendered layouts/_header.html.erb (2.2ms)
  Rendered layouts/_footer.html.erb (0.4ms)
Completed 200 OK in 822ms (Views: 786.0ms | ActiveRecord: 0.5ms)


Started GET "/" for ::1 at 2019-07-22 23:43:35 -0700
Processing by StaticPagesController#home as HTML
  Rendering static_pages/home.html.erb within layouts/application
  [1m[36mUser Load (0.9ms)[0m  [1m[34mSELECT  "users".* FROM "users" WHERE "users"."remember_token" = $1 ORDER BY "users"."id" ASC LIMIT $2[0m  [["remember_token", "2630e4e6f72f34b862501803bb1c76833289c482"], ["LIMIT", 1]]
  ↳ app/views/static_pages/home.html.erb:1
  [1m[36mPost Load (19.1ms)[0m  [1m[34mSELECT "posts".* FROM "posts" ORDER BY created_at DESC[0m
  ↳ app/views/static_pages/home.html.erb:58
  Rendered static_pages/home.html.erb within layouts/application (100.0ms)
Completed 500 Internal Server Error in 254ms (ActiveRecord: 33.0ms)


  
ActionView::Template::Error (undefined method `details' for #<Post:0x000000000b158078>):
    59:             <li>
    60:               <%= link_to(post_path(p)) do %>
    61:                 <h2><%= p.title %></h2>
    62:                 <p><%= p.details %></p>
    63:               <% end %>
    64:             </li>
    65:           <% end %>
  
app/views/static_pages/home.html.erb:62:in `block (2 levels) in _app_views_static_pages_home_html_erb__562728937_96482500'
app/views/static_pages/home.html.erb:60:in `block in _app_views_static_pages_home_html_erb__562728937_96482500'
app/views/static_pages/home.html.erb:58:in `_app_views_static_pages_home_html_erb__562728937_96482500'
Started GET "/" for ::1 at 2019-07-22 23:44:29 -0700
Processing by StaticPagesController#home as HTML
  Rendering static_pages/home.html.erb within layouts/application
  [1m[36mUser Load (0.6ms)[0m  [1m[34mSELECT  "users".* FROM "users" WHERE "users"."remember_token" = $1 ORDER BY "users"."id" ASC LIMIT $2[0m  [["remember_token", "2630e4e6f72f34b862501803bb1c76833289c482"], ["LIMIT", 1]]
  ↳ app/views/static_pages/home.html.erb:1
  [1m[36mPost Load (0.6ms)[0m  [1m[34mSELECT "posts".* FROM "posts" ORDER BY created_at DESC[0m
  ↳ app/views/static_pages/home.html.erb:58
  Rendered static_pages/home.html.erb within layouts/application (15.6ms)
  Rendered layouts/_shim.html.erb (0.4ms)
  Rendered layouts/_header.html.erb (1.4ms)
  Rendered layouts/_footer.html.erb (0.6ms)
Completed 200 OK in 665ms (Views: 630.1ms | ActiveRecord: 1.2ms)


Started GET "/" for ::1 at 2019-07-22 23:44:47 -0700
Processing by StaticPagesController#home as HTML
  Rendering static_pages/home.html.erb within layouts/application
  [1m[36mUser Load (0.5ms)[0m  [1m[34mSELECT  "users".* FROM "users" WHERE "users"."remember_token" = $1 ORDER BY "users"."id" ASC LIMIT $2[0m  [["remember_token", "2630e4e6f72f34b862501803bb1c76833289c482"], ["LIMIT", 1]]
  ↳ app/views/static_pages/home.html.erb:1
  [1m[36mPost Load (0.6ms)[0m  [1m[34mSELECT "posts".* FROM "posts" ORDER BY created_at DESC[0m
  ↳ app/views/static_pages/home.html.erb:58
  Rendered static_pages/home.html.erb within layouts/application (17.2ms)
  Rendered layouts/_shim.html.erb (0.4ms)
  Rendered layouts/_header.html.erb (1.4ms)
  Rendered layouts/_footer.html.erb (0.4ms)
Completed 200 OK in 667ms (Views: 634.2ms | ActiveRecord: 1.1ms)


Started GET "/posts/3" for ::1 at 2019-07-22 23:45:42 -0700
Processing by PostsController#show as HTML
  Parameters: {"id"=>"3"}
  [1m[36mPost Load (0.6ms)[0m  [1m[34mSELECT  "posts".* FROM "posts" WHERE "posts"."id" = $1 LIMIT $2[0m  [["id", 3], ["LIMIT", 1]]
  ↳ app/controllers/posts_controller.rb:71
  Rendering posts/show.html.erb within layouts/application
  [1m[36mService Load (4.5ms)[0m  [1m[34mSELECT  "services".* FROM "services" WHERE "services"."id" = $1 LIMIT $2[0m  [["id", 1], ["LIMIT", 1]]
  ↳ app/views/posts/show.html.erb:9
  [1m[36mCategory Load (3.7ms)[0m  [1m[34mSELECT  "categories".* FROM "categories" WHERE "categories"."id" = $1 LIMIT $2[0m  [["id", 1], ["LIMIT", 1]]
  ↳ app/views/posts/show.html.erb:19
  [1m[36mLocation Load (3.9ms)[0m  [1m[34mSELECT  "locations".* FROM "locations" WHERE "locations"."id" = $1 LIMIT $2[0m  [["id", 1], ["LIMIT", 1]]
  ↳ app/views/posts/show.html.erb:24
  [1m[36mUser Load (0.5ms)[0m  [1m[34mSELECT  "users".* FROM "users" WHERE "users"."remember_token" = $1 ORDER BY "users"."id" ASC LIMIT $2[0m  [["remember_token", "2630e4e6f72f34b862501803bb1c76833289c482"], ["LIMIT", 1]]
  ↳ app/views/posts/show.html.erb:33
  Rendered posts/show.html.erb within layouts/application (71.0ms)
  Rendered layouts/_shim.html.erb (0.4ms)
  Rendered layouts/_header.html.erb (1.4ms)
  Rendered layouts/_footer.html.erb (1.2ms)
Completed 200 OK in 706ms (Views: 644.6ms | ActiveRecord: 26.6ms)


Started GET "/posts" for ::1 at 2019-07-22 23:45:46 -0700
Processing by PostsController#index as HTML
  Rendering posts/index.html.erb within layouts/application
  [1m[36mPost Load (0.6ms)[0m  [1m[34mSELECT "posts".* FROM "posts"[0m
  ↳ app/views/posts/index.html.erb:21
  [1m[36mService Load (0.5ms)[0m  [1m[34mSELECT  "services".* FROM "services" WHERE "services"."id" = $1 LIMIT $2[0m  [["id", 1], ["LIMIT", 1]]
  ↳ app/views/posts/index.html.erb:23
  [1m[36mCategory Load (0.5ms)[0m  [1m[34mSELECT  "categories".* FROM "categories" WHERE "categories"."id" = $1 LIMIT $2[0m  [["id", 2], ["LIMIT", 1]]
  ↳ app/views/posts/index.html.erb:25
  [1m[36mLocation Load (0.5ms)[0m  [1m[34mSELECT  "locations".* FROM "locations" WHERE "locations"."id" = $1 LIMIT $2[0m  [["id", 2], ["LIMIT", 1]]
  ↳ app/views/posts/index.html.erb:26
  [1m[36mUser Load (0.6ms)[0m  [1m[34mSELECT  "users".* FROM "users" WHERE "users"."remember_token" = $1 ORDER BY "users"."id" ASC LIMIT $2[0m  [["remember_token", "2630e4e6f72f34b862501803bb1c76833289c482"], ["LIMIT", 1]]
  ↳ app/views/posts/index.html.erb:29
  [1m[36mService Load (0.4ms)[0m  [1m[34mSELECT  "services".* FROM "services" WHERE "services"."id" = $1 LIMIT $2[0m  [["id", 2], ["LIMIT", 1]]
  ↳ app/views/posts/index.html.erb:23
  [1m[36mCategory Load (0.5ms)[0m  [1m[34mSELECT  "categories".* FROM "categories" WHERE "categories"."id" = $1 LIMIT $2[0m  [["id", 1], ["LIMIT", 1]]
  ↳ app/views/posts/index.html.erb:25
  [1m[36mLocation Load (0.4ms)[0m  [1m[34mSELECT  "locations".* FROM "locations" WHERE "locations"."id" = $1 LIMIT $2[0m  [["id", 4], ["LIMIT", 1]]
  ↳ app/views/posts/index.html.erb:26
  [1m[36mCACHE Service Load (0.0ms)[0m  [1m[34mSELECT  "services".* FROM "services" WHERE "services"."id" = $1 LIMIT $2[0m  [["id", 1], ["LIMIT", 1]]
  ↳ app/views/posts/index.html.erb:23
  [1m[36mCACHE Category Load (0.0ms)[0m  [1m[34mSELECT  "categories".* FROM "categories" WHERE "categories"."id" = $1 LIMIT $2[0m  [["id", 1], ["LIMIT", 1]]
  ↳ app/views/posts/index.html.erb:25
  [1m[36mLocation Load (0.4ms)[0m  [1m[34mSELECT  "locations".* FROM "locations" WHERE "locations"."id" = $1 LIMIT $2[0m  [["id", 1], ["LIMIT", 1]]
  ↳ app/views/posts/index.html.erb:26
  Rendered posts/index.html.erb within layouts/application (40.0ms)
  Rendered layouts/_shim.html.erb (0.5ms)
  Rendered layouts/_header.html.erb (1.3ms)
  Rendered layouts/_footer.html.erb (0.5ms)
Completed 200 OK in 700ms (Views: 667.6ms | ActiveRecord: 4.4ms)


Started GET "/" for ::1 at 2019-07-22 23:45:53 -0700
Processing by StaticPagesController#home as HTML
  Rendering static_pages/home.html.erb within layouts/application
  [1m[36mUser Load (0.6ms)[0m  [1m[34mSELECT  "users".* FROM "users" WHERE "users"."remember_token" = $1 ORDER BY "users"."id" ASC LIMIT $2[0m  [["remember_token", "2630e4e6f72f34b862501803bb1c76833289c482"], ["LIMIT", 1]]
  ↳ app/views/static_pages/home.html.erb:1
  [1m[36mPost Load (0.5ms)[0m  [1m[34mSELECT "posts".* FROM "posts" ORDER BY created_at DESC[0m
  ↳ app/views/static_pages/home.html.erb:58
  Rendered static_pages/home.html.erb within layouts/application (6.8ms)
  Rendered layouts/_shim.html.erb (1.4ms)
  Rendered layouts/_header.html.erb (1.3ms)
  Rendered layouts/_footer.html.erb (0.5ms)
Completed 200 OK in 914ms (Views: 877.0ms | ActiveRecord: 1.1ms)


Started GET "/posts/1" for ::1 at 2019-07-22 23:45:56 -0700
Processing by PostsController#show as HTML
  Parameters: {"id"=>"1"}
  [1m[36mPost Load (0.5ms)[0m  [1m[34mSELECT  "posts".* FROM "posts" WHERE "posts"."id" = $1 LIMIT $2[0m  [["id", 1], ["LIMIT", 1]]
  ↳ app/controllers/posts_controller.rb:71
  Rendering posts/show.html.erb within layouts/application
  [1m[36mService Load (0.5ms)[0m  [1m[34mSELECT  "services".* FROM "services" WHERE "services"."id" = $1 LIMIT $2[0m  [["id", 1], ["LIMIT", 1]]
  ↳ app/views/posts/show.html.erb:9
  [1m[36mCategory Load (0.5ms)[0m  [1m[34mSELECT  "categories".* FROM "categories" WHERE "categories"."id" = $1 LIMIT $2[0m  [["id", 2], ["LIMIT", 1]]
  ↳ app/views/posts/show.html.erb:19
  [1m[36mLocation Load (0.5ms)[0m  [1m[34mSELECT  "locations".* FROM "locations" WHERE "locations"."id" = $1 LIMIT $2[0m  [["id", 2], ["LIMIT", 1]]
  ↳ app/views/posts/show.html.erb:24
  [1m[36mUser Load (0.5ms)[0m  [1m[34mSELECT  "users".* FROM "users" WHERE "users"."remember_token" = $1 ORDER BY "users"."id" ASC LIMIT $2[0m  [["remember_token", "2630e4e6f72f34b862501803bb1c76833289c482"], ["LIMIT", 1]]
  ↳ app/views/posts/show.html.erb:33
  Rendered posts/show.html.erb within layouts/application (14.9ms)
  Rendered layouts/_shim.html.erb (0.4ms)
  Rendered layouts/_header.html.erb (1.5ms)
  Rendered layouts/_footer.html.erb (0.5ms)
Completed 200 OK in 814ms (Views: 771.0ms | ActiveRecord: 2.5ms)


Started GET "/posts" for ::1 at 2019-07-22 23:45:59 -0700
Processing by PostsController#index as HTML
  Rendering posts/index.html.erb within layouts/application
  [1m[36mPost Load (0.5ms)[0m  [1m[34mSELECT "posts".* FROM "posts"[0m
  ↳ app/views/posts/index.html.erb:21
  [1m[36mService Load (0.5ms)[0m  [1m[34mSELECT  "services".* FROM "services" WHERE "services"."id" = $1 LIMIT $2[0m  [["id", 1], ["LIMIT", 1]]
  ↳ app/views/posts/index.html.erb:23
  [1m[36mCategory Load (0.4ms)[0m  [1m[34mSELECT  "categories".* FROM "categories" WHERE "categories"."id" = $1 LIMIT $2[0m  [["id", 2], ["LIMIT", 1]]
  ↳ app/views/posts/index.html.erb:25
  [1m[36mLocation Load (0.4ms)[0m  [1m[34mSELECT  "locations".* FROM "locations" WHERE "locations"."id" = $1 LIMIT $2[0m  [["id", 2], ["LIMIT", 1]]
  ↳ app/views/posts/index.html.erb:26
  [1m[36mUser Load (0.4ms)[0m  [1m[34mSELECT  "users".* FROM "users" WHERE "users"."remember_token" = $1 ORDER BY "users"."id" ASC LIMIT $2[0m  [["remember_token", "2630e4e6f72f34b862501803bb1c76833289c482"], ["LIMIT", 1]]
  ↳ app/views/posts/index.html.erb:29
  [1m[36mService Load (0.5ms)[0m  [1m[34mSELECT  "services".* FROM "services" WHERE "services"."id" = $1 LIMIT $2[0m  [["id", 2], ["LIMIT", 1]]
  ↳ app/views/posts/index.html.erb:23
  [1m[36mCategory Load (0.4ms)[0m  [1m[34mSELECT  "categories".* FROM "categories" WHERE "categories"."id" = $1 LIMIT $2[0m  [["id", 1], ["LIMIT", 1]]
  ↳ app/views/posts/index.html.erb:25
  [1m[36mLocation Load (0.3ms)[0m  [1m[34mSELECT  "locations".* FROM "locations" WHERE "locations"."id" = $1 LIMIT $2[0m  [["id", 4], ["LIMIT", 1]]
  ↳ app/views/posts/index.html.erb:26
  [1m[36mCACHE Service Load (0.0ms)[0m  [1m[34mSELECT  "services".* FROM "services" WHERE "services"."id" = $1 LIMIT $2[0m  [["id", 1], ["LIMIT", 1]]
  ↳ app/views/posts/index.html.erb:23
  [1m[36mCACHE Category Load (0.0ms)[0m  [1m[34mSELECT  "categories".* FROM "categories" WHERE "categories"."id" = $1 LIMIT $2[0m  [["id", 1], ["LIMIT", 1]]
  ↳ app/views/posts/index.html.erb:25
  [1m[36mLocation Load (0.4ms)[0m  [1m[34mSELECT  "locations".* FROM "locations" WHERE "locations"."id" = $1 LIMIT $2[0m  [["id", 1], ["LIMIT", 1]]
  ↳ app/views/posts/index.html.erb:26
  Rendered posts/index.html.erb within layouts/application (33.1ms)
  Rendered layouts/_shim.html.erb (0.4ms)
  Rendered layouts/_header.html.erb (1.6ms)
  Rendered layouts/_footer.html.erb (0.5ms)
Completed 200 OK in 1104ms (Views: 1060.6ms | ActiveRecord: 3.9ms)


Started GET "/" for ::1 at 2019-07-23 08:20:58 -0700
  [1m[35m (0.6ms)[0m  [1m[34mSELECT "schema_migrations"."version" FROM "schema_migrations" ORDER BY "schema_migrations"."version" ASC[0m
  ↳ C:/Ruby25-x64/lib/ruby/gems/2.5.0/gems/activerecord-5.2.3/lib/active_record/log_subscriber.rb:98
Processing by StaticPagesController#home as HTML
  Rendering static_pages/home.html.erb within layouts/application
  [1m[36mUser Load (0.8ms)[0m  [1m[34mSELECT  "users".* FROM "users" WHERE "users"."remember_token" = $1 ORDER BY "users"."id" ASC LIMIT $2[0m  [["remember_token", "06c6ffb4dcdd7a64a46b66e8b9c93a7e094fdd95"], ["LIMIT", 1]]
  ↳ app/views/static_pages/home.html.erb:1
Started GET "/" for ::1 at 2019-07-23 08:21:01 -0700
Processing by StaticPagesController#home as HTML
  Rendering static_pages/home.html.erb within layouts/application
  [1m[36mUser Load (2.0ms)[0m  [1m[34mSELECT  "users".* FROM "users" WHERE "users"."remember_token" = $1 ORDER BY "users"."id" ASC LIMIT $2[0m  [["remember_token", "06c6ffb4dcdd7a64a46b66e8b9c93a7e094fdd95"], ["LIMIT", 1]]
  ↳ app/views/static_pages/home.html.erb:1
  Rendered static_pages/home.html.erb within layouts/application (11932.7ms)
  Rendered static_pages/home.html.erb within layouts/application (8654.3ms)
  Rendered layouts/_shim.html.erb (0.3ms)
  Rendered layouts/_header.html.erb (1.9ms)
  Rendered layouts/_footer.html.erb (0.4ms)
Completed 200 OK in 12599ms (Views: 12539.6ms | ActiveRecord: 6.9ms)


  Rendered layouts/_shim.html.erb (0.4ms)
  Rendered layouts/_header.html.erb (1.8ms)
  Rendered layouts/_footer.html.erb (0.8ms)
Completed 200 OK in 9438ms (Views: 9410.7ms | ActiveRecord: 2.3ms)


Started GET "/posts" for ::1 at 2019-07-23 08:21:38 -0700
Processing by PostsController#index as HTML
  Rendering posts/index.html.erb within layouts/application
  [1m[36mPost Load (1.2ms)[0m  [1m[34mSELECT "posts".* FROM "posts"[0m
  ↳ app/views/posts/index.html.erb:21
  [1m[36mUser Load (0.3ms)[0m  [1m[34mSELECT  "users".* FROM "users" WHERE "users"."remember_token" = $1 ORDER BY "users"."id" ASC LIMIT $2[0m  [["remember_token", "06c6ffb4dcdd7a64a46b66e8b9c93a7e094fdd95"], ["LIMIT", 1]]
  ↳ app/views/posts/index.html.erb:41
  Rendered posts/index.html.erb within layouts/application (8.8ms)
  Rendered layouts/_shim.html.erb (0.4ms)
  Rendered layouts/_header.html.erb (1.1ms)
  Rendered layouts/_footer.html.erb (0.4ms)
Completed 200 OK in 340ms (Views: 317.8ms | ActiveRecord: 4.3ms)


Started DELETE "/sign_out" for ::1 at 2019-07-23 08:21:41 -0700
Processing by Clearance::SessionsController#destroy as HTML
  Parameters: {"authenticity_token"=>"[FILTERED]"}
  [1m[36mUser Load (0.4ms)[0m  [1m[34mSELECT  "users".* FROM "users" WHERE "users"."remember_token" = $1 ORDER BY "users"."id" ASC LIMIT $2[0m  [["remember_token", "06c6ffb4dcdd7a64a46b66e8b9c93a7e094fdd95"], ["LIMIT", 1]]
  ↳ C:/Ruby25-x64/lib/ruby/gems/2.5.0/gems/activerecord-5.2.3/lib/active_record/log_subscriber.rb:98
  [1m[35m (0.1ms)[0m  [1m[35mBEGIN[0m
  ↳ C:/Ruby25-x64/lib/ruby/gems/2.5.0/gems/activerecord-5.2.3/lib/active_record/log_subscriber.rb:98
  [1m[36mUser Update (0.4ms)[0m  [1m[33mUPDATE "users" SET "remember_token" = $1, "updated_at" = $2 WHERE "users"."id" = $3[0m  [["remember_token", "f08a7b02b8e34bee3eadba1e0f762420daf3504a"], ["updated_at", "2019-07-23 15:21:41.726704"], ["id", 1]]
  ↳ C:/Ruby25-x64/lib/ruby/gems/2.5.0/gems/activerecord-5.2.3/lib/active_record/log_subscriber.rb:98
  [1m[35m (8.8ms)[0m  [1m[35mCOMMIT[0m
  ↳ C:/Ruby25-x64/lib/ruby/gems/2.5.0/gems/activerecord-5.2.3/lib/active_record/log_subscriber.rb:98
Redirected to http://localhost:3000/sign_in
Completed 302 Found in 16ms (ActiveRecord: 9.7ms)


Started GET "/sign_in" for ::1 at 2019-07-23 08:21:41 -0700
Processing by Clearance::SessionsController#new as HTML
  Rendering sessions/new.html.erb within layouts/application
  Rendered sessions/_form.html.erb (30.5ms)
  Rendered sessions/new.html.erb within layouts/application (48.2ms)
  Rendered layouts/_shim.html.erb (0.4ms)
  Rendered layouts/_header.html.erb (1.2ms)
  Rendered layouts/_footer.html.erb (0.4ms)
Completed 200 OK in 368ms (Views: 366.9ms | ActiveRecord: 0.0ms)


